build/app/outputs/mapping/release/mapping.txt
# compiler: R8
# compiler_version: 1.5.69
# min_api: 16
# pg_map_id: 7c56774
...
androidx.lifecycle.LiveData$ObserverWrapper -> androidx.lifecycle.LiveData$b:
    androidx.lifecycle.Observer mObserver -> a
    androidx.lifecycle.LiveData this$0 -> d
    boolean mActive -> b
    int mLastVersion -> c
    void activeStateChanged(boolean) -> a
    void detachObserver() -> a
    boolean isAttachedTo(androidx.lifecycle.LifecycleOwner) -> a
    boolean shouldBeActive() -> b
androidx.lifecycle.MethodCallsLogger -> androidx.lifecycle.k:
androidx.lifecycle.MutableLiveData -> androidx.lifecycle.l:
    void setValue(java.lang.Object) -> a
androidx.lifecycle.Observer -> androidx.lifecycle.m:
    void onChanged(java.lang.Object) -> a
androidx.lifecycle.OnLifecycleEvent -> androidx.lifecycle.n:
androidx.lifecycle.ReflectiveGenericLifecycleObserver -> androidx.lifecycle.ReflectiveGenericLifecycleObserver:
    androidx.lifecycle.ClassesInfoCache$CallbackInfo mInfo -> b
    java.lang.Object mWrapped -> a
    void onStateChanged(androidx.lifecycle.LifecycleOwner,androidx.lifecycle.Lifecycle$Event) -> a
androidx.lifecycle.ReportFragment -> androidx.lifecycle.o:
    androidx.lifecycle.ReportFragment$ActivityInitializationListener mProcessListener -> a
    void dispatch(androidx.lifecycle.Lifecycle$Event) -> a
    void dispatchCreate(androidx.lifecycle.ReportFragment$ActivityInitializationListener) -> a
    void injectIfNeededIn(android.app.Activity) -> a
    void dispatchResume(androidx.lifecycle.ReportFragment$ActivityInitializationListener) -> b
    void dispatchStart(androidx.lifecycle.ReportFragment$ActivityInitializationListener) -> c
androidx.lifecycle.ReportFragment$ActivityInitializationListener -> androidx.lifecycle.o$a:
    void onCreate() -> a
androidx.lifecycle.SingleGeneratedAdapterObserver -> androidx.lifecycle.SingleGeneratedAdapterObserver:
    androidx.lifecycle.GeneratedAdapter mGeneratedAdapter -> a
    void onStateChanged(androidx.lifecycle.LifecycleOwner,androidx.lifecycle.Lifecycle$Event) -> a
androidx.lifecycle.ViewModel -> androidx.lifecycle.p:
    void onCleared() -> a
androidx.lifecycle.ViewModelProvider -> androidx.lifecycle.q:
    androidx.lifecycle.ViewModelStore mViewModelStore -> b
    androidx.lifecycle.ViewModelProvider$Factory mFactory -> a
    androidx.lifecycle.ViewModel get(java.lang.Class) -> a
    androidx.lifecycle.ViewModel get(java.lang.String,java.lang.Class) -> a
androidx.lifecycle.ViewModelProvider$Factory -> androidx.lifecycle.q$a:
    androidx.lifecycle.ViewModel create(java.lang.Class) -> a
androidx.lifecycle.ViewModelStore -> androidx.lifecycle.r:
    java.util.HashMap mMap -> a
    void clear() -> a
    androidx.lifecycle.ViewModel get(java.lang.String) -> a
    void put(java.lang.String,androidx.lifecycle.ViewModel) -> a
androidx.lifecycle.ViewModelStoreOwner -> androidx.lifecycle.s:
    androidx.lifecycle.ViewModelStore getViewModelStore() -> b
androidx.loader.app.LoaderManager -> a.e.a.a:
    void dump(java.lang.String,java.io.FileDescriptor,java.io.PrintWriter,java.lang.String[]) -> a
    androidx.loader.app.LoaderManager getInstance(androidx.lifecycle.LifecycleOwner) -> a
    void markForRedelivery() -> a
androidx.loader.app.LoaderManagerImpl -> a.e.a.b:
    androidx.lifecycle.LifecycleOwner mLifecycleOwner -> a
    androidx.loader.app.LoaderManagerImpl$LoaderViewModel mLoaderViewModel -> b
    boolean DEBUG -> c
    void dump(java.lang.String,java.io.FileDescriptor,java.io.PrintWriter,java.lang.String[]) -> a
    void markForRedelivery() -> a